Dec 09, 2024 11:31:02 AM cwback.TicketPool addTicket
INFO: Vendor added a ticket: Ticket: 1
Dec 09, 2024 11:31:02 AM cwback.TicketPool removeTicket
INFO: Customer removed a ticket: Ticket: 1
Dec 09, 2024 11:31:02 AM cwback.TicketPool addTicket
INFO: Vendor added a ticket: Ticket: 2
Dec 09, 2024 11:31:02 AM cwback.TicketPool removeTicket
INFO: Customer removed a ticket: Ticket: 2
Dec 09, 2024 11:31:02 AM cwback.TicketPool addTicket
INFO: Vendor added a ticket: Ticket: 3
Dec 09, 2024 11:31:02 AM cwback.TicketPool removeTicket
INFO: Customer removed a ticket: Ticket: 3
Dec 09, 2024 11:31:02 AM cwback.TicketPool addTicket
INFO: Vendor added a ticket: Ticket: 4
Dec 09, 2024 11:31:02 AM cwback.TicketPool removeTicket
INFO: Customer removed a ticket: Ticket: 4
Dec 09, 2024 11:31:02 AM cwback.TicketPool addTicket
INFO: Vendor added a ticket: Ticket: 5
Dec 09, 2024 11:31:02 AM cwback.TicketPool removeTicket
INFO: Customer removed a ticket: Ticket: 5
Dec 09, 2024 11:31:02 AM cwback.TicketPool addTicket
INFO: Vendor added a ticket: Ticket: 6
Dec 09, 2024 11:31:02 AM cwback.TicketPool removeTicket
INFO: Customer removed a ticket: Ticket: 6
Dec 09, 2024 11:31:02 AM cwback.TicketPool addTicket
INFO: Vendor added a ticket: Ticket: 7
Dec 09, 2024 11:31:02 AM cwback.TicketPool removeTicket
INFO: Customer removed a ticket: Ticket: 7
Dec 09, 2024 11:31:02 AM cwback.TicketPool addTicket
INFO: Vendor added a ticket: Ticket: 8
Dec 09, 2024 11:31:02 AM cwback.TicketPool removeTicket
INFO: Customer removed a ticket: Ticket: 8
Dec 09, 2024 11:31:02 AM cwback.TicketPool addTicket
INFO: Vendor added a ticket: Ticket: 9
Dec 09, 2024 11:31:02 AM cwback.TicketPool removeTicket
INFO: Customer removed a ticket: Ticket: 9
Dec 09, 2024 11:31:03 AM cwback.TicketPool addTicket
INFO: Vendor added a ticket: Ticket: 10
Dec 09, 2024 11:31:03 AM cwback.TicketPool removeTicket
INFO: Customer removed a ticket: Ticket: 10
Dec 09, 2024 11:31:03 AM cwback.TicketPool addTicket
INFO: Vendor added a ticket: Ticket: 11
Dec 09, 2024 11:31:03 AM cwback.TicketPool removeTicket
INFO: Customer removed a ticket: Ticket: 11
Dec 09, 2024 11:31:03 AM cwback.TicketPool addTicket
INFO: Vendor added a ticket: Ticket: 12
Dec 09, 2024 11:31:03 AM cwback.TicketPool removeTicket
INFO: Customer removed a ticket: Ticket: 12
Dec 09, 2024 11:31:03 AM cwback.TicketPool addTicket
INFO: Vendor added a ticket: Ticket: 13
Dec 09, 2024 11:31:03 AM cwback.TicketPool removeTicket
INFO: Customer removed a ticket: Ticket: 13
Dec 09, 2024 11:31:03 AM cwback.TicketPool addTicket
INFO: Vendor added a ticket: Ticket: 14
Dec 09, 2024 11:31:03 AM cwback.TicketPool removeTicket
INFO: Customer removed a ticket: Ticket: 14
Dec 09, 2024 11:31:03 AM cwback.TicketPool addTicket
INFO: Vendor added a ticket: Ticket: 15
Dec 09, 2024 11:31:03 AM cwback.TicketPool removeTicket
INFO: Customer removed a ticket: Ticket: 15
Dec 09, 2024 11:31:03 AM cwback.TicketPool addTicket
INFO: Vendor added a ticket: Ticket: 16
Dec 09, 2024 11:31:03 AM cwback.TicketPool removeTicket
INFO: Customer removed a ticket: Ticket: 16
Dec 09, 2024 11:31:03 AM cwback.TicketPool addTicket
INFO: Vendor added a ticket: Ticket: 17
Dec 09, 2024 11:31:03 AM cwback.TicketPool removeTicket
INFO: Customer removed a ticket: Ticket: 17
Dec 09, 2024 11:31:03 AM cwback.TicketPool addTicket
INFO: Vendor added a ticket: Ticket: 18
Dec 09, 2024 11:31:03 AM cwback.TicketPool removeTicket
INFO: Customer removed a ticket: Ticket: 18
Dec 09, 2024 11:31:03 AM cwback.TicketPool addTicket
INFO: Vendor added a ticket: Ticket: 19
Dec 09, 2024 11:31:03 AM cwback.TicketPool removeTicket
INFO: Customer removed a ticket: Ticket: 19
Dec 09, 2024 11:31:04 AM cwback.TicketPool addTicket
INFO: Vendor added a ticket: Ticket: 20
Dec 09, 2024 11:31:04 AM cwback.TicketPool removeTicket
INFO: Customer removed a ticket: Ticket: 20
Dec 09, 2024 11:31:47 AM cwback.TicketPool addTicket
INFO: Vendor added a ticket: Ticket: 1
Dec 09, 2024 11:31:47 AM cwback.TicketPool removeTicket
INFO: Customer removed a ticket: Ticket: 1
Dec 09, 2024 11:31:47 AM cwback.TicketPool addTicket
INFO: Vendor added a ticket: Ticket: 2
Dec 09, 2024 11:31:47 AM cwback.TicketPool removeTicket
INFO: Customer removed a ticket: Ticket: 2
Dec 09, 2024 11:31:47 AM cwback.TicketPool addTicket
INFO: Vendor added a ticket: Ticket: 3
Dec 09, 2024 11:31:47 AM cwback.TicketPool removeTicket
INFO: Customer removed a ticket: Ticket: 3
Dec 09, 2024 11:31:47 AM cwback.TicketPool addTicket
INFO: Vendor added a ticket: Ticket: 4
Dec 09, 2024 11:31:47 AM cwback.TicketPool removeTicket
INFO: Customer removed a ticket: Ticket: 4
Dec 09, 2024 11:31:47 AM cwback.TicketPool addTicket
INFO: Vendor added a ticket: Ticket: 5
Dec 09, 2024 11:31:47 AM cwback.TicketPool removeTicket
INFO: Customer removed a ticket: Ticket: 5
Dec 09, 2024 11:31:47 AM cwback.TicketPool addTicket
INFO: Vendor added a ticket: Ticket: 6
Dec 09, 2024 11:31:47 AM cwback.TicketPool removeTicket
INFO: Customer removed a ticket: Ticket: 6
Dec 09, 2024 11:31:47 AM cwback.TicketPool addTicket
INFO: Vendor added a ticket: Ticket: 7
Dec 09, 2024 11:31:47 AM cwback.TicketPool removeTicket
INFO: Customer removed a ticket: Ticket: 7
Dec 09, 2024 11:31:47 AM cwback.TicketPool addTicket
INFO: Vendor added a ticket: Ticket: 8
Dec 09, 2024 11:31:47 AM cwback.TicketPool removeTicket
INFO: Customer removed a ticket: Ticket: 8
Dec 09, 2024 11:31:47 AM cwback.TicketPool addTicket
INFO: Vendor added a ticket: Ticket: 9
Dec 09, 2024 11:31:47 AM cwback.TicketPool removeTicket
INFO: Customer removed a ticket: Ticket: 9
Dec 09, 2024 11:31:48 AM cwback.TicketPool addTicket
INFO: Vendor added a ticket: Ticket: 10
Dec 09, 2024 11:31:48 AM cwback.TicketPool removeTicket
INFO: Customer removed a ticket: Ticket: 10
Dec 09, 2024 11:31:48 AM cwback.TicketPool addTicket
INFO: Vendor added a ticket: Ticket: 11
Dec 09, 2024 11:31:48 AM cwback.TicketPool removeTicket
INFO: Customer removed a ticket: Ticket: 11
Dec 09, 2024 11:31:48 AM cwback.TicketPool addTicket
INFO: Vendor added a ticket: Ticket: 12
Dec 09, 2024 11:31:48 AM cwback.TicketPool removeTicket
INFO: Customer removed a ticket: Ticket: 12
Dec 09, 2024 11:31:48 AM cwback.TicketPool addTicket
INFO: Vendor added a ticket: Ticket: 13
Dec 09, 2024 11:31:48 AM cwback.TicketPool removeTicket
INFO: Customer removed a ticket: Ticket: 13
Dec 09, 2024 11:31:48 AM cwback.TicketPool addTicket
INFO: Vendor added a ticket: Ticket: 14
Dec 09, 2024 11:31:48 AM cwback.TicketPool removeTicket
INFO: Customer removed a ticket: Ticket: 14
Dec 09, 2024 11:31:48 AM cwback.TicketPool addTicket
INFO: Vendor added a ticket: Ticket: 15
Dec 09, 2024 11:31:48 AM cwback.TicketPool removeTicket
INFO: Customer removed a ticket: Ticket: 15
Dec 09, 2024 11:31:48 AM cwback.TicketPool addTicket
INFO: Vendor added a ticket: Ticket: 16
Dec 09, 2024 11:31:48 AM cwback.TicketPool removeTicket
INFO: Customer removed a ticket: Ticket: 16
Dec 09, 2024 11:31:48 AM cwback.TicketPool addTicket
INFO: Vendor added a ticket: Ticket: 17
Dec 09, 2024 11:31:48 AM cwback.TicketPool removeTicket
INFO: Customer removed a ticket: Ticket: 17
Dec 09, 2024 11:31:48 AM cwback.TicketPool addTicket
INFO: Vendor added a ticket: Ticket: 18
Dec 09, 2024 11:31:48 AM cwback.TicketPool removeTicket
INFO: Customer removed a ticket: Ticket: 18
Dec 09, 2024 11:31:48 AM cwback.TicketPool addTicket
INFO: Vendor added a ticket: Ticket: 19
Dec 09, 2024 11:31:48 AM cwback.TicketPool removeTicket
INFO: Customer removed a ticket: Ticket: 19
Dec 09, 2024 11:31:49 AM cwback.TicketPool addTicket
INFO: Vendor added a ticket: Ticket: 20
Dec 09, 2024 11:31:49 AM cwback.TicketPool removeTicket
INFO: Customer removed a ticket: Ticket: 20
Dec 09, 2024 11:32:22 AM cwback.TicketPool addTicket
INFO: Vendor added a ticket: Ticket: 1
Dec 09, 2024 11:32:22 AM cwback.TicketPool removeTicket
INFO: Customer removed a ticket: Ticket: 1
Dec 09, 2024 11:32:22 AM cwback.TicketPool addTicket
INFO: Vendor added a ticket: Ticket: 2
Dec 09, 2024 11:32:22 AM cwback.TicketPool removeTicket
INFO: Customer removed a ticket: Ticket: 2
Dec 09, 2024 11:32:22 AM cwback.TicketPool addTicket
INFO: Vendor added a ticket: Ticket: 3
Dec 09, 2024 11:32:22 AM cwback.TicketPool removeTicket
INFO: Customer removed a ticket: Ticket: 3
Dec 09, 2024 11:32:23 AM cwback.TicketPool addTicket
INFO: Vendor added a ticket: Ticket: 4
Dec 09, 2024 11:32:23 AM cwback.TicketPool removeTicket
INFO: Customer removed a ticket: Ticket: 4
Dec 09, 2024 11:32:23 AM cwback.TicketPool addTicket
INFO: Vendor added a ticket: Ticket: 5
Dec 09, 2024 11:32:23 AM cwback.TicketPool removeTicket
INFO: Customer removed a ticket: Ticket: 5
Dec 09, 2024 11:32:23 AM cwback.TicketPool addTicket
INFO: Vendor added a ticket: Ticket: 6
Dec 09, 2024 11:32:23 AM cwback.TicketPool removeTicket
INFO: Customer removed a ticket: Ticket: 6
Dec 09, 2024 11:32:23 AM cwback.TicketPool addTicket
INFO: Vendor added a ticket: Ticket: 7
Dec 09, 2024 11:32:23 AM cwback.TicketPool removeTicket
INFO: Customer removed a ticket: Ticket: 7
Dec 09, 2024 11:32:23 AM cwback.TicketPool addTicket
INFO: Vendor added a ticket: Ticket: 8
Dec 09, 2024 11:32:23 AM cwback.TicketPool removeTicket
INFO: Customer removed a ticket: Ticket: 8
Dec 09, 2024 11:32:23 AM cwback.TicketPool addTicket
INFO: Vendor added a ticket: Ticket: 9
Dec 09, 2024 11:32:23 AM cwback.TicketPool removeTicket
INFO: Customer removed a ticket: Ticket: 9
Dec 09, 2024 11:32:23 AM cwback.TicketPool addTicket
INFO: Vendor added a ticket: Ticket: 10
Dec 09, 2024 11:32:23 AM cwback.TicketPool removeTicket
INFO: Customer removed a ticket: Ticket: 10
Dec 09, 2024 11:32:23 AM cwback.TicketPool addTicket
INFO: Vendor added a ticket: Ticket: 11
Dec 09, 2024 11:32:23 AM cwback.TicketPool removeTicket
INFO: Customer removed a ticket: Ticket: 11
Dec 09, 2024 11:36:24 AM cwback.TicketPool addTicket
INFO: Vendor added a ticket: Ticket: 1
Dec 09, 2024 11:36:27 AM cwback.TicketPool addTicket
INFO: Vendor added a ticket: Ticket: 1
Dec 09, 2024 11:36:27 AM cwback.TicketPool removeTicket
INFO: Customer removed a ticket: Ticket: 1
Dec 09, 2024 11:36:27 AM cwback.TicketPool addTicket
INFO: Vendor added a ticket: Ticket: 1
Dec 09, 2024 11:36:27 AM cwback.TicketPool removeTicket
INFO: Customer removed a ticket: Ticket: 1
Dec 09, 2024 11:36:27 AM cwback.TicketPool addTicket
INFO: Vendor added a ticket: Ticket: 2
Dec 09, 2024 11:36:27 AM cwback.TicketPool removeTicket
INFO: Customer removed a ticket: Ticket: 2
Dec 09, 2024 11:36:27 AM cwback.TicketPool addTicket
INFO: Vendor added a ticket: Ticket: 1
Dec 09, 2024 11:36:27 AM cwback.TicketPool removeTicket
INFO: Customer removed a ticket: Ticket: 1
Dec 09, 2024 11:36:28 AM cwback.TicketPool addTicket
INFO: Vendor added a ticket: Ticket: 2
Dec 09, 2024 11:36:28 AM cwback.TicketPool removeTicket
INFO: Customer removed a ticket: Ticket: 2
Dec 09, 2024 11:36:28 AM cwback.TicketPool addTicket
INFO: Vendor added a ticket: Ticket: 3
Dec 09, 2024 11:36:28 AM cwback.TicketPool removeTicket
INFO: Customer removed a ticket: Ticket: 3
Dec 09, 2024 11:36:28 AM cwback.TicketPool addTicket
INFO: Vendor added a ticket: Ticket: 2
Dec 09, 2024 11:36:28 AM cwback.TicketPool removeTicket
INFO: Customer removed a ticket: Ticket: 2
Dec 09, 2024 11:36:28 AM cwback.TicketPool addTicket
INFO: Vendor added a ticket: Ticket: 3
Dec 09, 2024 11:36:28 AM cwback.TicketPool removeTicket
INFO: Customer removed a ticket: Ticket: 3
Dec 09, 2024 11:36:28 AM cwback.TicketPool addTicket
INFO: Vendor added a ticket: Ticket: 4
Dec 09, 2024 11:36:28 AM cwback.TicketPool removeTicket
INFO: Customer removed a ticket: Ticket: 4
Dec 09, 2024 11:36:28 AM cwback.TicketPool addTicket
INFO: Vendor added a ticket: Ticket: 3
Dec 09, 2024 11:36:28 AM cwback.TicketPool removeTicket
INFO: Customer removed a ticket: Ticket: 3
Dec 09, 2024 11:36:28 AM cwback.TicketPool addTicket
INFO: Vendor added a ticket: Ticket: 4
Dec 09, 2024 11:36:28 AM cwback.TicketPool removeTicket
INFO: Customer removed a ticket: Ticket: 4
Dec 09, 2024 11:36:28 AM cwback.TicketPool addTicket
INFO: Vendor added a ticket: Ticket: 5
Dec 09, 2024 11:36:28 AM cwback.TicketPool removeTicket
INFO: Customer removed a ticket: Ticket: 5
Dec 09, 2024 11:36:28 AM cwback.TicketPool addTicket
INFO: Vendor added a ticket: Ticket: 4
Dec 09, 2024 11:36:28 AM cwback.TicketPool removeTicket
INFO: Customer removed a ticket: Ticket: 4
Dec 09, 2024 11:36:28 AM cwback.TicketPool addTicket
INFO: Vendor added a ticket: Ticket: 5
Dec 09, 2024 11:36:28 AM cwback.TicketPool removeTicket
INFO: Customer removed a ticket: Ticket: 5
Dec 09, 2024 11:36:28 AM cwback.TicketPool addTicket
INFO: Vendor added a ticket: Ticket: 6
Dec 09, 2024 11:36:28 AM cwback.TicketPool removeTicket
INFO: Customer removed a ticket: Ticket: 6
Dec 09, 2024 11:36:28 AM cwback.TicketPool addTicket
INFO: Vendor added a ticket: Ticket: 5
Dec 09, 2024 11:36:28 AM cwback.TicketPool removeTicket
INFO: Customer removed a ticket: Ticket: 5
Dec 09, 2024 11:36:28 AM cwback.TicketPool addTicket
INFO: Vendor added a ticket: Ticket: 6
Dec 09, 2024 11:36:28 AM cwback.TicketPool removeTicket
INFO: Customer removed a ticket: Ticket: 6
Dec 09, 2024 11:36:28 AM cwback.TicketPool addTicket
INFO: Vendor added a ticket: Ticket: 7
Dec 09, 2024 11:36:28 AM cwback.TicketPool removeTicket
INFO: Customer removed a ticket: Ticket: 7
Dec 09, 2024 11:36:28 AM cwback.TicketPool addTicket
INFO: Vendor added a ticket: Ticket: 6
Dec 09, 2024 11:36:28 AM cwback.TicketPool removeTicket
INFO: Customer removed a ticket: Ticket: 6
Dec 09, 2024 11:36:28 AM cwback.TicketPool addTicket
INFO: Vendor added a ticket: Ticket: 7
Dec 09, 2024 11:36:28 AM cwback.TicketPool removeTicket
INFO: Customer removed a ticket: Ticket: 7
Dec 09, 2024 11:36:28 AM cwback.TicketPool addTicket
INFO: Vendor added a ticket: Ticket: 8
Dec 09, 2024 11:36:28 AM cwback.TicketPool removeTicket
INFO: Customer removed a ticket: Ticket: 8
Dec 09, 2024 11:36:28 AM cwback.TicketPool addTicket
INFO: Vendor added a ticket: Ticket: 7
Dec 09, 2024 11:36:28 AM cwback.TicketPool removeTicket
INFO: Customer removed a ticket: Ticket: 7
Dec 09, 2024 11:36:28 AM cwback.TicketPool addTicket
INFO: Vendor added a ticket: Ticket: 8
Dec 09, 2024 11:36:28 AM cwback.TicketPool removeTicket
INFO: Customer removed a ticket: Ticket: 8
Dec 09, 2024 11:36:28 AM cwback.TicketPool addTicket
INFO: Vendor added a ticket: Ticket: 9
Dec 09, 2024 11:36:28 AM cwback.TicketPool removeTicket
INFO: Customer removed a ticket: Ticket: 9
Dec 09, 2024 11:36:28 AM cwback.TicketPool addTicket
INFO: Vendor added a ticket: Ticket: 8
Dec 09, 2024 11:36:28 AM cwback.TicketPool removeTicket
INFO: Customer removed a ticket: Ticket: 8
Dec 09, 2024 11:36:28 AM cwback.TicketPool addTicket
INFO: Vendor added a ticket: Ticket: 9
Dec 09, 2024 11:36:28 AM cwback.TicketPool removeTicket
INFO: Customer removed a ticket: Ticket: 9
Dec 09, 2024 11:36:28 AM cwback.TicketPool addTicket
INFO: Vendor added a ticket: Ticket: 10
Dec 09, 2024 11:36:28 AM cwback.TicketPool removeTicket
INFO: Customer removed a ticket: Ticket: 10
Dec 09, 2024 11:36:28 AM cwback.TicketPool addTicket
INFO: Vendor added a ticket: Ticket: 9
Dec 09, 2024 11:36:28 AM cwback.TicketPool removeTicket
INFO: Customer removed a ticket: Ticket: 9
Dec 09, 2024 11:36:28 AM cwback.TicketPool addTicket
INFO: Vendor added a ticket: Ticket: 10
Dec 09, 2024 11:36:28 AM cwback.TicketPool removeTicket
INFO: Customer removed a ticket: Ticket: 10
Dec 09, 2024 11:36:28 AM cwback.TicketPool addTicket
INFO: Vendor added a ticket: Ticket: 11
Dec 09, 2024 11:36:28 AM cwback.TicketPool removeTicket
INFO: Customer removed a ticket: Ticket: 11
Dec 09, 2024 11:36:28 AM cwback.TicketPool addTicket
INFO: Vendor added a ticket: Ticket: 10
Dec 09, 2024 11:36:28 AM cwback.TicketPool removeTicket
INFO: Customer removed a ticket: Ticket: 10
Dec 09, 2024 11:36:29 AM cwback.TicketPool addTicket
INFO: Vendor added a ticket: Ticket: 11
Dec 09, 2024 11:36:29 AM cwback.TicketPool removeTicket
INFO: Customer removed a ticket: Ticket: 11
Dec 09, 2024 11:36:29 AM cwback.TicketPool addTicket
INFO: Vendor added a ticket: Ticket: 12
Dec 09, 2024 11:36:29 AM cwback.TicketPool removeTicket
INFO: Customer removed a ticket: Ticket: 12
Dec 09, 2024 11:36:29 AM cwback.TicketPool addTicket
INFO: Vendor added a ticket: Ticket: 11
Dec 09, 2024 11:36:29 AM cwback.TicketPool removeTicket
INFO: Customer removed a ticket: Ticket: 11
Dec 09, 2024 11:36:29 AM cwback.TicketPool addTicket
INFO: Vendor added a ticket: Ticket: 12
Dec 09, 2024 11:36:29 AM cwback.TicketPool removeTicket
INFO: Customer removed a ticket: Ticket: 12
Dec 09, 2024 11:36:29 AM cwback.TicketPool addTicket
INFO: Vendor added a ticket: Ticket: 13
Dec 09, 2024 11:36:29 AM cwback.TicketPool removeTicket
INFO: Customer removed a ticket: Ticket: 13
Dec 09, 2024 11:36:29 AM cwback.TicketPool addTicket
INFO: Vendor added a ticket: Ticket: 12
Dec 09, 2024 11:36:29 AM cwback.TicketPool removeTicket
INFO: Customer removed a ticket: Ticket: 12
Dec 09, 2024 11:36:29 AM cwback.TicketPool addTicket
INFO: Vendor added a ticket: Ticket: 13
Dec 09, 2024 11:36:29 AM cwback.TicketPool removeTicket
INFO: Customer removed a ticket: Ticket: 13
Dec 09, 2024 11:36:29 AM cwback.TicketPool addTicket
INFO: Vendor added a ticket: Ticket: 14
Dec 09, 2024 11:36:29 AM cwback.TicketPool removeTicket
INFO: Customer removed a ticket: Ticket: 14
Dec 09, 2024 11:36:29 AM cwback.TicketPool addTicket
INFO: Vendor added a ticket: Ticket: 13
Dec 09, 2024 11:36:29 AM cwback.TicketPool removeTicket
INFO: Customer removed a ticket: Ticket: 13
Dec 09, 2024 11:36:29 AM cwback.TicketPool addTicket
INFO: Vendor added a ticket: Ticket: 14
Dec 09, 2024 11:36:29 AM cwback.TicketPool removeTicket
INFO: Customer removed a ticket: Ticket: 14
Dec 09, 2024 11:36:29 AM cwback.TicketPool addTicket
INFO: Vendor added a ticket: Ticket: 15
Dec 09, 2024 11:36:29 AM cwback.TicketPool removeTicket
INFO: Customer removed a ticket: Ticket: 15
Dec 09, 2024 11:36:29 AM cwback.TicketPool addTicket
INFO: Vendor added a ticket: Ticket: 14
Dec 09, 2024 11:36:29 AM cwback.TicketPool removeTicket
INFO: Customer removed a ticket: Ticket: 14
Dec 09, 2024 11:36:29 AM cwback.TicketPool addTicket
INFO: Vendor added a ticket: Ticket: 15
Dec 09, 2024 11:36:29 AM cwback.TicketPool removeTicket
INFO: Customer removed a ticket: Ticket: 15
Dec 09, 2024 11:36:29 AM cwback.TicketPool addTicket
INFO: Vendor added a ticket: Ticket: 16
Dec 09, 2024 11:36:29 AM cwback.TicketPool removeTicket
INFO: Customer removed a ticket: Ticket: 16
Dec 09, 2024 11:36:29 AM cwback.TicketPool addTicket
INFO: Vendor added a ticket: Ticket: 15
Dec 09, 2024 11:36:29 AM cwback.TicketPool removeTicket
INFO: Customer removed a ticket: Ticket: 15
Dec 09, 2024 11:36:29 AM cwback.TicketPool addTicket
INFO: Vendor added a ticket: Ticket: 16
Dec 09, 2024 11:36:29 AM cwback.TicketPool removeTicket
INFO: Customer removed a ticket: Ticket: 16
Dec 09, 2024 11:36:29 AM cwback.TicketPool addTicket
INFO: Vendor added a ticket: Ticket: 17
Dec 09, 2024 11:36:29 AM cwback.TicketPool removeTicket
INFO: Customer removed a ticket: Ticket: 17
Dec 09, 2024 11:36:29 AM cwback.TicketPool addTicket
INFO: Vendor added a ticket: Ticket: 16
Dec 09, 2024 11:36:29 AM cwback.TicketPool removeTicket
INFO: Customer removed a ticket: Ticket: 16
Dec 09, 2024 11:36:29 AM cwback.TicketPool addTicket
INFO: Vendor added a ticket: Ticket: 17
Dec 09, 2024 11:36:29 AM cwback.TicketPool removeTicket
INFO: Customer removed a ticket: Ticket: 17
Dec 09, 2024 11:36:29 AM cwback.TicketPool addTicket
INFO: Vendor added a ticket: Ticket: 18
Dec 09, 2024 11:36:29 AM cwback.TicketPool removeTicket
INFO: Customer removed a ticket: Ticket: 18
Dec 09, 2024 11:36:29 AM cwback.TicketPool addTicket
INFO: Vendor added a ticket: Ticket: 17
Dec 09, 2024 11:36:29 AM cwback.TicketPool removeTicket
INFO: Customer removed a ticket: Ticket: 17
Dec 09, 2024 11:36:29 AM cwback.TicketPool addTicket
INFO: Vendor added a ticket: Ticket: 18
Dec 09, 2024 11:36:29 AM cwback.TicketPool removeTicket
INFO: Customer removed a ticket: Ticket: 18
Dec 09, 2024 11:36:29 AM cwback.TicketPool addTicket
INFO: Vendor added a ticket: Ticket: 19
Dec 09, 2024 11:36:29 AM cwback.TicketPool removeTicket
INFO: Customer removed a ticket: Ticket: 19
Dec 09, 2024 11:36:29 AM cwback.TicketPool addTicket
INFO: Vendor added a ticket: Ticket: 18
Dec 09, 2024 11:36:29 AM cwback.TicketPool removeTicket
INFO: Customer removed a ticket: Ticket: 18
Dec 09, 2024 11:36:29 AM cwback.TicketPool addTicket
INFO: Vendor added a ticket: Ticket: 19
Dec 09, 2024 11:36:29 AM cwback.TicketPool addTicket
INFO: Vendor added a ticket: Ticket: 20
Dec 09, 2024 11:36:29 AM cwback.TicketPool removeTicket
INFO: Customer removed a ticket: Ticket: 19
Dec 09, 2024 11:36:29 AM cwback.TicketPool removeTicket
INFO: Customer removed a ticket: Ticket: 20
Dec 09, 2024 11:36:29 AM cwback.TicketPool addTicket
INFO: Vendor added a ticket: Ticket: 19
Dec 09, 2024 11:36:29 AM cwback.TicketPool removeTicket
INFO: Customer removed a ticket: Ticket: 19
Dec 09, 2024 11:36:29 AM cwback.TicketPool addTicket
INFO: Vendor added a ticket: Ticket: 20
Dec 09, 2024 11:36:30 AM cwback.TicketPool removeTicket
INFO: Customer removed a ticket: Ticket: 20
Dec 09, 2024 11:36:30 AM cwback.TicketPool addTicket
INFO: Vendor added a ticket: Ticket: 20
Dec 09, 2024 11:36:30 AM cwback.TicketPool removeTicket
INFO: Customer removed a ticket: Ticket: 20
Dec 09, 2024 11:36:38 AM cwback.TicketPool addTicket
INFO: Vendor added a ticket: Ticket: 1
Dec 09, 2024 11:36:38 AM cwback.TicketPool removeTicket
INFO: Customer removed a ticket: Ticket: 1
Dec 09, 2024 11:36:38 AM cwback.TicketPool addTicket
INFO: Vendor added a ticket: Ticket: 2
Dec 09, 2024 11:36:38 AM cwback.TicketPool removeTicket
INFO: Customer removed a ticket: Ticket: 2
Dec 09, 2024 11:36:38 AM cwback.TicketPool addTicket
INFO: Vendor added a ticket: Ticket: 3
Dec 09, 2024 11:36:38 AM cwback.TicketPool removeTicket
INFO: Customer removed a ticket: Ticket: 3
Dec 09, 2024 11:36:38 AM cwback.TicketPool addTicket
INFO: Vendor added a ticket: Ticket: 4
Dec 09, 2024 11:36:38 AM cwback.TicketPool removeTicket
INFO: Customer removed a ticket: Ticket: 4
Dec 09, 2024 11:36:39 AM cwback.TicketPool addTicket
INFO: Vendor added a ticket: Ticket: 5
Dec 09, 2024 11:36:39 AM cwback.TicketPool removeTicket
INFO: Customer removed a ticket: Ticket: 5
Dec 09, 2024 11:36:39 AM cwback.TicketPool addTicket
INFO: Vendor added a ticket: Ticket: 6
Dec 09, 2024 11:36:39 AM cwback.TicketPool removeTicket
INFO: Customer removed a ticket: Ticket: 6
Dec 09, 2024 11:36:39 AM cwback.TicketPool addTicket
INFO: Vendor added a ticket: Ticket: 7
Dec 09, 2024 11:36:39 AM cwback.TicketPool removeTicket
INFO: Customer removed a ticket: Ticket: 7
Dec 09, 2024 11:36:39 AM cwback.TicketPool addTicket
INFO: Vendor added a ticket: Ticket: 8
Dec 09, 2024 11:36:39 AM cwback.TicketPool removeTicket
INFO: Customer removed a ticket: Ticket: 8
Dec 09, 2024 11:36:39 AM cwback.TicketPool addTicket
INFO: Vendor added a ticket: Ticket: 9
Dec 09, 2024 11:36:39 AM cwback.TicketPool removeTicket
INFO: Customer removed a ticket: Ticket: 9
Dec 09, 2024 11:36:39 AM cwback.TicketPool addTicket
INFO: Vendor added a ticket: Ticket: 10
Dec 09, 2024 11:36:39 AM cwback.TicketPool removeTicket
INFO: Customer removed a ticket: Ticket: 10
Dec 09, 2024 11:36:39 AM cwback.TicketPool addTicket
INFO: Vendor added a ticket: Ticket: 11
Dec 09, 2024 11:36:39 AM cwback.TicketPool removeTicket
INFO: Customer removed a ticket: Ticket: 11
Dec 09, 2024 11:36:39 AM cwback.TicketPool addTicket
INFO: Vendor added a ticket: Ticket: 12
Dec 09, 2024 11:36:39 AM cwback.TicketPool removeTicket
INFO: Customer removed a ticket: Ticket: 12
Dec 09, 2024 11:36:39 AM cwback.TicketPool addTicket
INFO: Vendor added a ticket: Ticket: 13
Dec 09, 2024 11:36:39 AM cwback.TicketPool removeTicket
INFO: Customer removed a ticket: Ticket: 13
Dec 09, 2024 11:36:40 AM cwback.TicketPool addTicket
INFO: Vendor added a ticket: Ticket: 14
Dec 09, 2024 11:36:40 AM cwback.TicketPool removeTicket
INFO: Customer removed a ticket: Ticket: 14
Dec 09, 2024 11:36:40 AM cwback.TicketPool addTicket
INFO: Vendor added a ticket: Ticket: 15
Dec 09, 2024 11:36:40 AM cwback.TicketPool removeTicket
INFO: Customer removed a ticket: Ticket: 15
Dec 09, 2024 11:36:40 AM cwback.TicketPool addTicket
INFO: Vendor added a ticket: Ticket: 16
Dec 09, 2024 11:36:40 AM cwback.TicketPool removeTicket
INFO: Customer removed a ticket: Ticket: 16
Dec 09, 2024 11:36:40 AM cwback.TicketPool addTicket
INFO: Vendor added a ticket: Ticket: 17
Dec 09, 2024 11:36:40 AM cwback.TicketPool removeTicket
INFO: Customer removed a ticket: Ticket: 17
Dec 09, 2024 11:36:40 AM cwback.TicketPool addTicket
INFO: Vendor added a ticket: Ticket: 18
Dec 09, 2024 11:36:40 AM cwback.TicketPool removeTicket
INFO: Customer removed a ticket: Ticket: 18
Dec 09, 2024 11:36:40 AM cwback.TicketPool addTicket
INFO: Vendor added a ticket: Ticket: 19
Dec 09, 2024 11:36:40 AM cwback.TicketPool removeTicket
INFO: Customer removed a ticket: Ticket: 19
Dec 09, 2024 11:36:40 AM cwback.TicketPool addTicket
INFO: Vendor added a ticket: Ticket: 20
Dec 09, 2024 11:36:40 AM cwback.TicketPool removeTicket
INFO: Customer removed a ticket: Ticket: 20
Dec 09, 2024 11:45:09 AM cwback.TicketPool addTicket
INFO: Vendor added a ticket: Ticket: 1
Dec 09, 2024 11:45:12 AM cwback.TicketPool addTicket
INFO: Vendor added a ticket: Ticket: 1
Dec 09, 2024 11:45:12 AM cwback.TicketPool removeTicket
INFO: Customer removed a ticket: Ticket: 1
Dec 09, 2024 11:45:12 AM cwback.TicketPool addTicket
INFO: Vendor added a ticket: Ticket: 2
Dec 09, 2024 11:45:12 AM cwback.TicketPool removeTicket
INFO: Customer removed a ticket: Ticket: 2
Dec 09, 2024 11:45:12 AM cwback.TicketPool addTicket
INFO: Vendor added a ticket: Ticket: 3
Dec 09, 2024 11:45:12 AM cwback.TicketPool removeTicket
INFO: Customer removed a ticket: Ticket: 3
Dec 09, 2024 11:45:12 AM cwback.TicketPool addTicket
INFO: Vendor added a ticket: Ticket: 4
Dec 09, 2024 11:45:12 AM cwback.TicketPool removeTicket
INFO: Customer removed a ticket: Ticket: 4
Dec 09, 2024 11:45:12 AM cwback.TicketPool addTicket
INFO: Vendor added a ticket: Ticket: 5
Dec 09, 2024 11:45:12 AM cwback.TicketPool removeTicket
INFO: Customer removed a ticket: Ticket: 5
Dec 09, 2024 11:45:12 AM cwback.TicketPool addTicket
INFO: Vendor added a ticket: Ticket: 6
Dec 09, 2024 11:45:12 AM cwback.TicketPool removeTicket
INFO: Customer removed a ticket: Ticket: 6
Dec 09, 2024 11:45:12 AM cwback.TicketPool addTicket
INFO: Vendor added a ticket: Ticket: 7
Dec 09, 2024 11:45:12 AM cwback.TicketPool removeTicket
INFO: Customer removed a ticket: Ticket: 7
Dec 09, 2024 11:45:12 AM cwback.TicketPool addTicket
INFO: Vendor added a ticket: Ticket: 8
Dec 09, 2024 11:45:12 AM cwback.TicketPool removeTicket
INFO: Customer removed a ticket: Ticket: 8
Dec 09, 2024 11:45:13 AM cwback.TicketPool addTicket
INFO: Vendor added a ticket: Ticket: 9
Dec 09, 2024 11:45:13 AM cwback.TicketPool removeTicket
INFO: Customer removed a ticket: Ticket: 9
Dec 09, 2024 11:45:13 AM cwback.TicketPool addTicket
INFO: Vendor added a ticket: Ticket: 10
Dec 09, 2024 11:45:13 AM cwback.TicketPool removeTicket
INFO: Customer removed a ticket: Ticket: 10
Dec 09, 2024 11:45:13 AM cwback.TicketPool addTicket
INFO: Vendor added a ticket: Ticket: 11
Dec 09, 2024 11:45:13 AM cwback.TicketPool removeTicket
INFO: Customer removed a ticket: Ticket: 11
Dec 09, 2024 11:45:13 AM cwback.TicketPool addTicket
INFO: Vendor added a ticket: Ticket: 12
Dec 09, 2024 11:45:13 AM cwback.TicketPool removeTicket
INFO: Customer removed a ticket: Ticket: 12
Dec 09, 2024 11:45:13 AM cwback.TicketPool addTicket
INFO: Vendor added a ticket: Ticket: 13
Dec 09, 2024 11:45:13 AM cwback.TicketPool removeTicket
INFO: Customer removed a ticket: Ticket: 13
Dec 09, 2024 11:45:13 AM cwback.TicketPool addTicket
INFO: Vendor added a ticket: Ticket: 14
Dec 09, 2024 11:45:13 AM cwback.TicketPool removeTicket
INFO: Customer removed a ticket: Ticket: 14
Dec 09, 2024 11:45:13 AM cwback.TicketPool addTicket
INFO: Vendor added a ticket: Ticket: 15
Dec 09, 2024 11:45:13 AM cwback.TicketPool removeTicket
INFO: Customer removed a ticket: Ticket: 15
Dec 09, 2024 11:45:13 AM cwback.TicketPool addTicket
INFO: Vendor added a ticket: Ticket: 16
Dec 09, 2024 11:45:13 AM cwback.TicketPool removeTicket
INFO: Customer removed a ticket: Ticket: 16
Dec 09, 2024 11:45:13 AM cwback.TicketPool addTicket
INFO: Vendor added a ticket: Ticket: 17
Dec 09, 2024 11:45:13 AM cwback.TicketPool removeTicket
INFO: Customer removed a ticket: Ticket: 17
Dec 09, 2024 11:45:13 AM cwback.TicketPool addTicket
INFO: Vendor added a ticket: Ticket: 18
Dec 09, 2024 11:45:14 AM cwback.TicketPool removeTicket
INFO: Customer removed a ticket: Ticket: 18
Dec 09, 2024 11:45:14 AM cwback.TicketPool addTicket
INFO: Vendor added a ticket: Ticket: 19
Dec 09, 2024 11:45:14 AM cwback.TicketPool removeTicket
INFO: Customer removed a ticket: Ticket: 19
Dec 09, 2024 11:45:14 AM cwback.TicketPool addTicket
INFO: Vendor added a ticket: Ticket: 20
Dec 09, 2024 11:45:14 AM cwback.TicketPool removeTicket
INFO: Customer removed a ticket: Ticket: 20
Dec 09, 2024 11:45:36 AM cwback.TicketPool addTicket
INFO: Vendor added a ticket: Ticket: 1
Dec 09, 2024 11:45:36 AM cwback.TicketPool removeTicket
INFO: Customer removed a ticket: Ticket: 1
Dec 09, 2024 11:45:36 AM cwback.TicketPool addTicket
INFO: Vendor added a ticket: Ticket: 2
Dec 09, 2024 11:45:36 AM cwback.TicketPool removeTicket
INFO: Customer removed a ticket: Ticket: 2
Dec 09, 2024 11:45:36 AM cwback.TicketPool addTicket
INFO: Vendor added a ticket: Ticket: 3
Dec 09, 2024 11:45:36 AM cwback.TicketPool removeTicket
INFO: Customer removed a ticket: Ticket: 3
Dec 09, 2024 11:45:36 AM cwback.TicketPool addTicket
INFO: Vendor added a ticket: Ticket: 4
Dec 09, 2024 11:45:36 AM cwback.TicketPool removeTicket
INFO: Customer removed a ticket: Ticket: 4
Dec 09, 2024 11:45:36 AM cwback.TicketPool addTicket
INFO: Vendor added a ticket: Ticket: 5
Dec 09, 2024 11:45:36 AM cwback.TicketPool removeTicket
INFO: Customer removed a ticket: Ticket: 5
Dec 09, 2024 11:45:36 AM cwback.TicketPool addTicket
INFO: Vendor added a ticket: Ticket: 6
Dec 09, 2024 11:45:36 AM cwback.TicketPool removeTicket
INFO: Customer removed a ticket: Ticket: 6
Dec 09, 2024 11:45:36 AM cwback.TicketPool addTicket
INFO: Vendor added a ticket: Ticket: 7
Dec 09, 2024 11:45:36 AM cwback.TicketPool removeTicket
INFO: Customer removed a ticket: Ticket: 7
Dec 09, 2024 11:45:36 AM cwback.TicketPool addTicket
INFO: Vendor added a ticket: Ticket: 8
Dec 09, 2024 11:45:36 AM cwback.TicketPool removeTicket
INFO: Customer removed a ticket: Ticket: 8
Dec 09, 2024 11:45:36 AM cwback.TicketPool addTicket
INFO: Vendor added a ticket: Ticket: 9
Dec 09, 2024 11:45:36 AM cwback.TicketPool removeTicket
INFO: Customer removed a ticket: Ticket: 9
Dec 09, 2024 11:45:37 AM cwback.TicketPool addTicket
INFO: Vendor added a ticket: Ticket: 10
Dec 09, 2024 11:45:37 AM cwback.TicketPool removeTicket
INFO: Customer removed a ticket: Ticket: 10
Dec 09, 2024 11:51:35 AM cwback.TicketPool addTicket
INFO: Vendor added a ticket: Ticket: 1
Dec 09, 2024 11:51:35 AM cwback.TicketPool removeTicket
INFO: Customer removed a ticket: Ticket: 1
Dec 09, 2024 11:51:35 AM cwback.TicketPool addTicket
INFO: Vendor added a ticket: Ticket: 2
Dec 09, 2024 11:51:35 AM cwback.TicketPool removeTicket
INFO: Customer removed a ticket: Ticket: 2
Dec 09, 2024 11:51:35 AM cwback.TicketPool addTicket
INFO: Vendor added a ticket: Ticket: 3
Dec 09, 2024 11:51:35 AM cwback.TicketPool removeTicket
INFO: Customer removed a ticket: Ticket: 3
Dec 09, 2024 11:51:35 AM cwback.TicketPool addTicket
INFO: Vendor added a ticket: Ticket: 4
Dec 09, 2024 11:51:35 AM cwback.TicketPool removeTicket
INFO: Customer removed a ticket: Ticket: 4
Dec 09, 2024 11:51:35 AM cwback.TicketPool addTicket
INFO: Vendor added a ticket: Ticket: 5
Dec 09, 2024 11:51:35 AM cwback.TicketPool removeTicket
INFO: Customer removed a ticket: Ticket: 5
Dec 09, 2024 11:51:35 AM cwback.TicketPool addTicket
INFO: Vendor added a ticket: Ticket: 6
Dec 09, 2024 11:51:35 AM cwback.TicketPool removeTicket
INFO: Customer removed a ticket: Ticket: 6
Dec 09, 2024 11:51:35 AM cwback.TicketPool addTicket
INFO: Vendor added a ticket: Ticket: 7
Dec 09, 2024 11:51:35 AM cwback.TicketPool removeTicket
INFO: Customer removed a ticket: Ticket: 7
Dec 09, 2024 11:51:35 AM cwback.TicketPool addTicket
INFO: Vendor added a ticket: Ticket: 8
Dec 09, 2024 11:51:35 AM cwback.TicketPool removeTicket
INFO: Customer removed a ticket: Ticket: 8
Dec 09, 2024 11:51:35 AM cwback.TicketPool addTicket
INFO: Vendor added a ticket: Ticket: 9
Dec 09, 2024 11:51:35 AM cwback.TicketPool removeTicket
INFO: Customer removed a ticket: Ticket: 9
Dec 09, 2024 11:51:36 AM cwback.TicketPool addTicket
INFO: Vendor added a ticket: Ticket: 10
Dec 09, 2024 11:51:36 AM cwback.TicketPool removeTicket
INFO: Customer removed a ticket: Ticket: 10
Dec 09, 2024 11:51:36 AM cwback.TicketPool addTicket
INFO: Vendor added a ticket: Ticket: 11
Dec 09, 2024 11:51:36 AM cwback.TicketPool removeTicket
INFO: Customer removed a ticket: Ticket: 11
Dec 09, 2024 11:51:36 AM cwback.TicketPool addTicket
INFO: Vendor added a ticket: Ticket: 12
Dec 09, 2024 11:51:36 AM cwback.TicketPool removeTicket
INFO: Customer removed a ticket: Ticket: 12
Dec 09, 2024 11:51:36 AM cwback.TicketPool addTicket
INFO: Vendor added a ticket: Ticket: 13
Dec 09, 2024 11:51:36 AM cwback.TicketPool removeTicket
INFO: Customer removed a ticket: Ticket: 13
Dec 09, 2024 11:51:36 AM cwback.TicketPool addTicket
INFO: Vendor added a ticket: Ticket: 14
Dec 09, 2024 11:51:36 AM cwback.TicketPool removeTicket
INFO: Customer removed a ticket: Ticket: 14
Dec 09, 2024 11:51:36 AM cwback.TicketPool addTicket
INFO: Vendor added a ticket: Ticket: 15
Dec 09, 2024 11:51:36 AM cwback.TicketPool removeTicket
INFO: Customer removed a ticket: Ticket: 15
Dec 09, 2024 11:51:36 AM cwback.TicketPool addTicket
INFO: Vendor added a ticket: Ticket: 16
Dec 09, 2024 11:51:36 AM cwback.TicketPool removeTicket
INFO: Customer removed a ticket: Ticket: 16
Dec 09, 2024 11:51:36 AM cwback.TicketPool addTicket
INFO: Vendor added a ticket: Ticket: 17
Dec 09, 2024 11:51:36 AM cwback.TicketPool removeTicket
INFO: Customer removed a ticket: Ticket: 17
Dec 09, 2024 11:51:36 AM cwback.TicketPool addTicket
INFO: Vendor added a ticket: Ticket: 18
Dec 09, 2024 11:51:36 AM cwback.TicketPool removeTicket
INFO: Customer removed a ticket: Ticket: 18
Dec 09, 2024 11:51:37 AM cwback.TicketPool addTicket
INFO: Vendor added a ticket: Ticket: 19
Dec 09, 2024 11:51:37 AM cwback.TicketPool removeTicket
INFO: Customer removed a ticket: Ticket: 19
Dec 09, 2024 11:51:37 AM cwback.TicketPool addTicket
INFO: Vendor added a ticket: Ticket: 20
Dec 09, 2024 11:51:37 AM cwback.TicketPool removeTicket
INFO: Customer removed a ticket: Ticket: 20
Dec 09, 2024 11:52:02 AM cwback.TicketPool addTicket
INFO: Vendor added a ticket: Ticket: 1
Dec 09, 2024 11:52:02 AM cwback.TicketPool removeTicket
INFO: Customer removed a ticket: Ticket: 1
Dec 09, 2024 11:52:02 AM cwback.TicketPool addTicket
INFO: Vendor added a ticket: Ticket: 2
Dec 09, 2024 11:52:02 AM cwback.TicketPool removeTicket
INFO: Customer removed a ticket: Ticket: 2
Dec 09, 2024 11:52:02 AM cwback.TicketPool addTicket
INFO: Vendor added a ticket: Ticket: 3
Dec 09, 2024 11:52:02 AM cwback.TicketPool removeTicket
INFO: Customer removed a ticket: Ticket: 3
Dec 09, 2024 11:52:02 AM cwback.TicketPool addTicket
INFO: Vendor added a ticket: Ticket: 4
Dec 09, 2024 11:52:02 AM cwback.TicketPool removeTicket
INFO: Customer removed a ticket: Ticket: 4
Dec 09, 2024 11:52:02 AM cwback.TicketPool addTicket
INFO: Vendor added a ticket: Ticket: 5
Dec 09, 2024 11:52:03 AM cwback.TicketPool removeTicket
INFO: Customer removed a ticket: Ticket: 5
Dec 09, 2024 11:52:03 AM cwback.TicketPool addTicket
INFO: Vendor added a ticket: Ticket: 6
Dec 09, 2024 11:52:03 AM cwback.TicketPool removeTicket
INFO: Customer removed a ticket: Ticket: 6
Dec 09, 2024 11:52:03 AM cwback.TicketPool addTicket
INFO: Vendor added a ticket: Ticket: 7
Dec 09, 2024 11:52:03 AM cwback.TicketPool removeTicket
INFO: Customer removed a ticket: Ticket: 7
Dec 09, 2024 11:52:03 AM cwback.TicketPool addTicket
INFO: Vendor added a ticket: Ticket: 8
Dec 09, 2024 11:52:03 AM cwback.TicketPool removeTicket
INFO: Customer removed a ticket: Ticket: 8
Dec 09, 2024 11:52:03 AM cwback.TicketPool addTicket
INFO: Vendor added a ticket: Ticket: 9
Dec 09, 2024 11:52:03 AM cwback.TicketPool removeTicket
INFO: Customer removed a ticket: Ticket: 9
Dec 09, 2024 11:52:03 AM cwback.TicketPool addTicket
INFO: Vendor added a ticket: Ticket: 10
Dec 09, 2024 11:52:03 AM cwback.TicketPool removeTicket
INFO: Customer removed a ticket: Ticket: 10
Dec 09, 2024 12:36:30 PM cwback.TicketPool addTicket
INFO: Vendor added a ticket: Ticket: 1
Dec 09, 2024 12:36:30 PM cwback.TicketPool removeTicket
INFO: Customer removed a ticket: Ticket: 1
Dec 09, 2024 12:36:32 PM cwback.TicketPool addTicket
INFO: Vendor added a ticket: Ticket: 1
Dec 09, 2024 12:36:32 PM cwback.TicketPool removeTicket
INFO: Customer removed a ticket: Ticket: 1
Dec 09, 2024 12:36:32 PM cwback.TicketPool addTicket
INFO: Vendor added a ticket: Ticket: 2
Dec 09, 2024 12:36:32 PM cwback.TicketPool removeTicket
INFO: Customer removed a ticket: Ticket: 2
Dec 09, 2024 12:36:32 PM cwback.TicketPool addTicket
INFO: Vendor added a ticket: Ticket: 3
Dec 09, 2024 12:36:32 PM cwback.TicketPool removeTicket
INFO: Customer removed a ticket: Ticket: 3
Dec 09, 2024 12:36:32 PM cwback.TicketPool addTicket
INFO: Vendor added a ticket: Ticket: 4
Dec 09, 2024 12:36:32 PM cwback.TicketPool removeTicket
INFO: Customer removed a ticket: Ticket: 4
Dec 09, 2024 12:36:32 PM cwback.TicketPool addTicket
INFO: Vendor added a ticket: Ticket: 5
Dec 09, 2024 12:36:32 PM cwback.TicketPool removeTicket
INFO: Customer removed a ticket: Ticket: 5
Dec 09, 2024 12:36:33 PM cwback.TicketPool addTicket
INFO: Vendor added a ticket: Ticket: 6
Dec 09, 2024 12:36:33 PM cwback.TicketPool removeTicket
INFO: Customer removed a ticket: Ticket: 6
Dec 09, 2024 12:36:33 PM cwback.TicketPool addTicket
INFO: Vendor added a ticket: Ticket: 7
Dec 09, 2024 12:36:33 PM cwback.TicketPool removeTicket
INFO: Customer removed a ticket: Ticket: 7
Dec 09, 2024 12:36:33 PM cwback.TicketPool addTicket
INFO: Vendor added a ticket: Ticket: 8
Dec 09, 2024 12:36:33 PM cwback.TicketPool removeTicket
INFO: Customer removed a ticket: Ticket: 8
Dec 09, 2024 12:36:33 PM cwback.TicketPool addTicket
INFO: Vendor added a ticket: Ticket: 9
Dec 09, 2024 12:36:33 PM cwback.TicketPool removeTicket
INFO: Customer removed a ticket: Ticket: 9
Dec 09, 2024 12:36:33 PM cwback.TicketPool addTicket
INFO: Vendor added a ticket: Ticket: 10
Dec 09, 2024 12:36:33 PM cwback.TicketPool removeTicket
INFO: Customer removed a ticket: Ticket: 10
Dec 09, 2024 12:36:33 PM cwback.TicketPool addTicket
INFO: Vendor added a ticket: Ticket: 11
Dec 09, 2024 12:36:33 PM cwback.TicketPool removeTicket
INFO: Customer removed a ticket: Ticket: 11
Dec 09, 2024 12:36:33 PM cwback.TicketPool addTicket
INFO: Vendor added a ticket: Ticket: 12
Dec 09, 2024 12:36:33 PM cwback.TicketPool removeTicket
INFO: Customer removed a ticket: Ticket: 12
Dec 09, 2024 12:36:33 PM cwback.TicketPool addTicket
INFO: Vendor added a ticket: Ticket: 13
Dec 09, 2024 12:36:33 PM cwback.TicketPool removeTicket
INFO: Customer removed a ticket: Ticket: 13
Dec 09, 2024 12:36:33 PM cwback.TicketPool addTicket
INFO: Vendor added a ticket: Ticket: 14
Dec 09, 2024 12:36:33 PM cwback.TicketPool removeTicket
INFO: Customer removed a ticket: Ticket: 14
Dec 09, 2024 12:36:34 PM cwback.TicketPool addTicket
INFO: Vendor added a ticket: Ticket: 15
Dec 09, 2024 12:36:34 PM cwback.TicketPool removeTicket
INFO: Customer removed a ticket: Ticket: 15
Dec 09, 2024 12:36:34 PM cwback.TicketPool addTicket
INFO: Vendor added a ticket: Ticket: 16
Dec 09, 2024 12:36:34 PM cwback.TicketPool removeTicket
INFO: Customer removed a ticket: Ticket: 16
Dec 09, 2024 12:36:34 PM cwback.TicketPool addTicket
INFO: Vendor added a ticket: Ticket: 17
Dec 09, 2024 12:36:34 PM cwback.TicketPool removeTicket
INFO: Customer removed a ticket: Ticket: 17
Dec 09, 2024 12:36:34 PM cwback.TicketPool addTicket
INFO: Vendor added a ticket: Ticket: 18
Dec 09, 2024 12:36:34 PM cwback.TicketPool removeTicket
INFO: Customer removed a ticket: Ticket: 18
Dec 09, 2024 12:36:34 PM cwback.TicketPool addTicket
INFO: Vendor added a ticket: Ticket: 19
Dec 09, 2024 12:36:34 PM cwback.TicketPool removeTicket
INFO: Customer removed a ticket: Ticket: 19
Dec 09, 2024 12:36:34 PM cwback.TicketPool addTicket
INFO: Vendor added a ticket: Ticket: 20
Dec 09, 2024 12:36:34 PM cwback.TicketPool removeTicket
INFO: Customer removed a ticket: Ticket: 20
Dec 09, 2024 12:36:41 PM cwback.TicketPool addTicket
INFO: Vendor added a ticket: Ticket: 1
Dec 09, 2024 12:36:41 PM cwback.TicketPool removeTicket
INFO: Customer removed a ticket: Ticket: 1
Dec 09, 2024 12:36:42 PM cwback.TicketPool addTicket
INFO: Vendor added a ticket: Ticket: 2
Dec 09, 2024 12:36:42 PM cwback.TicketPool removeTicket
INFO: Customer removed a ticket: Ticket: 2
Dec 09, 2024 12:36:42 PM cwback.TicketPool addTicket
INFO: Vendor added a ticket: Ticket: 3
Dec 09, 2024 12:36:42 PM cwback.TicketPool removeTicket
INFO: Customer removed a ticket: Ticket: 3
Dec 09, 2024 12:36:42 PM cwback.TicketPool addTicket
INFO: Vendor added a ticket: Ticket: 4
Dec 09, 2024 12:36:42 PM cwback.TicketPool removeTicket
INFO: Customer removed a ticket: Ticket: 4
Dec 09, 2024 12:36:42 PM cwback.TicketPool addTicket
INFO: Vendor added a ticket: Ticket: 5
Dec 09, 2024 12:36:42 PM cwback.TicketPool removeTicket
INFO: Customer removed a ticket: Ticket: 5
Dec 09, 2024 12:36:42 PM cwback.TicketPool addTicket
INFO: Vendor added a ticket: Ticket: 6
Dec 09, 2024 12:36:42 PM cwback.TicketPool removeTicket
INFO: Customer removed a ticket: Ticket: 6
Dec 09, 2024 12:36:42 PM cwback.TicketPool addTicket
INFO: Vendor added a ticket: Ticket: 7
Dec 09, 2024 12:36:42 PM cwback.TicketPool removeTicket
INFO: Customer removed a ticket: Ticket: 7
Dec 09, 2024 12:36:42 PM cwback.TicketPool addTicket
INFO: Vendor added a ticket: Ticket: 8
Dec 09, 2024 12:36:42 PM cwback.TicketPool removeTicket
INFO: Customer removed a ticket: Ticket: 8
Dec 09, 2024 12:36:42 PM cwback.TicketPool addTicket
INFO: Vendor added a ticket: Ticket: 9
Dec 09, 2024 12:36:42 PM cwback.TicketPool removeTicket
INFO: Customer removed a ticket: Ticket: 9
Dec 09, 2024 12:36:42 PM cwback.TicketPool addTicket
INFO: Vendor added a ticket: Ticket: 10
Dec 09, 2024 12:36:42 PM cwback.TicketPool removeTicket
INFO: Customer removed a ticket: Ticket: 10
Dec 09, 2024 12:36:55 PM cwback.TicketPool addTicket
INFO: Vendor added a ticket: Ticket: 1
Dec 09, 2024 12:36:55 PM cwback.TicketPool removeTicket
INFO: Customer removed a ticket: Ticket: 1
Dec 09, 2024 12:36:55 PM cwback.TicketPool addTicket
INFO: Vendor added a ticket: Ticket: 2
Dec 09, 2024 12:36:55 PM cwback.TicketPool removeTicket
INFO: Customer removed a ticket: Ticket: 2
Dec 09, 2024 12:36:55 PM cwback.TicketPool addTicket
INFO: Vendor added a ticket: Ticket: 3
Dec 09, 2024 12:36:55 PM cwback.TicketPool removeTicket
INFO: Customer removed a ticket: Ticket: 3
Dec 09, 2024 12:36:55 PM cwback.TicketPool addTicket
INFO: Vendor added a ticket: Ticket: 4
Dec 09, 2024 12:36:55 PM cwback.TicketPool removeTicket
INFO: Customer removed a ticket: Ticket: 4
Dec 09, 2024 12:36:55 PM cwback.TicketPool addTicket
INFO: Vendor added a ticket: Ticket: 5
Dec 09, 2024 12:36:55 PM cwback.TicketPool removeTicket
INFO: Customer removed a ticket: Ticket: 5
Dec 09, 2024 12:36:55 PM cwback.TicketPool addTicket
INFO: Vendor added a ticket: Ticket: 6
Dec 09, 2024 12:36:55 PM cwback.TicketPool removeTicket
INFO: Customer removed a ticket: Ticket: 6
Dec 09, 2024 12:36:55 PM cwback.TicketPool addTicket
INFO: Vendor added a ticket: Ticket: 7
Dec 09, 2024 12:36:55 PM cwback.TicketPool removeTicket
INFO: Customer removed a ticket: Ticket: 7
Dec 09, 2024 12:36:56 PM cwback.TicketPool addTicket
INFO: Vendor added a ticket: Ticket: 8
Dec 09, 2024 12:36:56 PM cwback.TicketPool removeTicket
INFO: Customer removed a ticket: Ticket: 8
Dec 09, 2024 12:36:56 PM cwback.TicketPool addTicket
INFO: Vendor added a ticket: Ticket: 9
Dec 09, 2024 12:36:56 PM cwback.TicketPool removeTicket
INFO: Customer removed a ticket: Ticket: 9
Dec 09, 2024 12:36:56 PM cwback.TicketPool addTicket
INFO: Vendor added a ticket: Ticket: 10
Dec 09, 2024 12:36:56 PM cwback.TicketPool removeTicket
INFO: Customer removed a ticket: Ticket: 10
Dec 12, 2024 11:03:25 AM cwback.TicketPool addTicket
INFO: Vendor added a ticket: Ticket: 1
Dec 12, 2024 11:03:27 AM cwback.TicketPool addTicket
INFO: Vendor added a ticket: Ticket: 1
Dec 12, 2024 11:03:27 AM cwback.TicketPool removeTicket
INFO: Customer removed a ticket: Ticket: 1
Dec 12, 2024 11:03:27 AM cwback.TicketPool addTicket
INFO: Vendor added a ticket: Ticket: 2
Dec 12, 2024 11:03:27 AM cwback.TicketPool removeTicket
INFO: Customer removed a ticket: Ticket: 2
Dec 12, 2024 11:03:27 AM cwback.TicketPool addTicket
INFO: Vendor added a ticket: Ticket: 3
Dec 12, 2024 11:03:27 AM cwback.TicketPool removeTicket
INFO: Customer removed a ticket: Ticket: 3
Dec 12, 2024 11:03:28 AM cwback.TicketPool addTicket
INFO: Vendor added a ticket: Ticket: 4
Dec 12, 2024 11:03:28 AM cwback.TicketPool removeTicket
INFO: Customer removed a ticket: Ticket: 4
Dec 12, 2024 11:03:28 AM cwback.TicketPool addTicket
INFO: Vendor added a ticket: Ticket: 5
Dec 12, 2024 11:03:28 AM cwback.TicketPool removeTicket
INFO: Customer removed a ticket: Ticket: 5
Dec 12, 2024 11:03:28 AM cwback.TicketPool addTicket
INFO: Vendor added a ticket: Ticket: 6
Dec 12, 2024 11:03:28 AM cwback.TicketPool removeTicket
INFO: Customer removed a ticket: Ticket: 6
Dec 12, 2024 11:03:28 AM cwback.TicketPool addTicket
INFO: Vendor added a ticket: Ticket: 7
Dec 12, 2024 11:03:28 AM cwback.TicketPool removeTicket
INFO: Customer removed a ticket: Ticket: 7
Dec 12, 2024 11:03:28 AM cwback.TicketPool addTicket
INFO: Vendor added a ticket: Ticket: 8
Dec 12, 2024 11:03:28 AM cwback.TicketPool removeTicket
INFO: Customer removed a ticket: Ticket: 8
Dec 12, 2024 11:03:28 AM cwback.TicketPool addTicket
INFO: Vendor added a ticket: Ticket: 9
Dec 12, 2024 11:03:28 AM cwback.TicketPool removeTicket
INFO: Customer removed a ticket: Ticket: 9
Dec 12, 2024 11:03:28 AM cwback.TicketPool addTicket
INFO: Vendor added a ticket: Ticket: 10
Dec 12, 2024 11:03:28 AM cwback.TicketPool removeTicket
INFO: Customer removed a ticket: Ticket: 10
Dec 12, 2024 11:03:28 AM cwback.TicketPool addTicket
INFO: Vendor added a ticket: Ticket: 11
Dec 12, 2024 11:03:28 AM cwback.TicketPool removeTicket
INFO: Customer removed a ticket: Ticket: 11
Dec 12, 2024 11:03:28 AM cwback.TicketPool addTicket
INFO: Vendor added a ticket: Ticket: 12
Dec 12, 2024 11:03:28 AM cwback.TicketPool removeTicket
INFO: Customer removed a ticket: Ticket: 12
Dec 12, 2024 11:03:28 AM cwback.TicketPool addTicket
INFO: Vendor added a ticket: Ticket: 13
Dec 12, 2024 11:03:28 AM cwback.TicketPool removeTicket
INFO: Customer removed a ticket: Ticket: 13
Dec 12, 2024 11:03:29 AM cwback.TicketPool addTicket
INFO: Vendor added a ticket: Ticket: 14
Dec 12, 2024 11:03:29 AM cwback.TicketPool removeTicket
INFO: Customer removed a ticket: Ticket: 14
Dec 12, 2024 11:03:29 AM cwback.TicketPool addTicket
INFO: Vendor added a ticket: Ticket: 15
Dec 12, 2024 11:03:29 AM cwback.TicketPool removeTicket
INFO: Customer removed a ticket: Ticket: 15
Dec 12, 2024 11:03:29 AM cwback.TicketPool addTicket
INFO: Vendor added a ticket: Ticket: 16
Dec 12, 2024 11:03:29 AM cwback.TicketPool removeTicket
INFO: Customer removed a ticket: Ticket: 16
Dec 12, 2024 11:03:29 AM cwback.TicketPool addTicket
INFO: Vendor added a ticket: Ticket: 17
Dec 12, 2024 11:03:29 AM cwback.TicketPool removeTicket
INFO: Customer removed a ticket: Ticket: 17
Dec 12, 2024 11:03:29 AM cwback.TicketPool addTicket
INFO: Vendor added a ticket: Ticket: 18
Dec 12, 2024 11:03:29 AM cwback.TicketPool removeTicket
INFO: Customer removed a ticket: Ticket: 18
Dec 12, 2024 11:03:29 AM cwback.TicketPool addTicket
INFO: Vendor added a ticket: Ticket: 19
Dec 12, 2024 11:03:29 AM cwback.TicketPool removeTicket
INFO: Customer removed a ticket: Ticket: 19
Dec 12, 2024 11:03:29 AM cwback.TicketPool addTicket
INFO: Vendor added a ticket: Ticket: 20
Dec 12, 2024 11:03:29 AM cwback.TicketPool removeTicket
INFO: Customer removed a ticket: Ticket: 20
Dec 12, 2024 11:03:29 AM cwback.TicketPool addTicket
INFO: Vendor added a ticket: Ticket: 21
Dec 12, 2024 11:03:29 AM cwback.TicketPool removeTicket
INFO: Customer removed a ticket: Ticket: 21
Dec 12, 2024 11:03:29 AM cwback.TicketPool addTicket
INFO: Vendor added a ticket: Ticket: 22
Dec 12, 2024 11:03:29 AM cwback.TicketPool removeTicket
INFO: Customer removed a ticket: Ticket: 22
Dec 12, 2024 11:03:30 AM cwback.TicketPool addTicket
INFO: Vendor added a ticket: Ticket: 23
Dec 12, 2024 11:03:30 AM cwback.TicketPool removeTicket
INFO: Customer removed a ticket: Ticket: 23
Dec 12, 2024 11:03:30 AM cwback.TicketPool addTicket
INFO: Vendor added a ticket: Ticket: 24
Dec 12, 2024 11:03:30 AM cwback.TicketPool removeTicket
INFO: Customer removed a ticket: Ticket: 24
Dec 12, 2024 11:03:30 AM cwback.TicketPool addTicket
INFO: Vendor added a ticket: Ticket: 25
Dec 12, 2024 11:03:30 AM cwback.TicketPool removeTicket
INFO: Customer removed a ticket: Ticket: 25
Dec 12, 2024 11:03:30 AM cwback.TicketPool addTicket
INFO: Vendor added a ticket: Ticket: 26
Dec 12, 2024 11:03:30 AM cwback.TicketPool removeTicket
INFO: Customer removed a ticket: Ticket: 26
Dec 12, 2024 11:03:30 AM cwback.TicketPool addTicket
INFO: Vendor added a ticket: Ticket: 27
Dec 12, 2024 11:03:30 AM cwback.TicketPool removeTicket
INFO: Customer removed a ticket: Ticket: 27
Dec 12, 2024 11:03:30 AM cwback.TicketPool addTicket
INFO: Vendor added a ticket: Ticket: 28
Dec 12, 2024 11:03:30 AM cwback.TicketPool removeTicket
INFO: Customer removed a ticket: Ticket: 28
Dec 12, 2024 11:03:30 AM cwback.TicketPool addTicket
INFO: Vendor added a ticket: Ticket: 29
Dec 12, 2024 11:03:30 AM cwback.TicketPool removeTicket
INFO: Customer removed a ticket: Ticket: 29
Dec 12, 2024 11:03:30 AM cwback.TicketPool addTicket
INFO: Vendor added a ticket: Ticket: 30
Dec 12, 2024 11:03:30 AM cwback.TicketPool removeTicket
INFO: Customer removed a ticket: Ticket: 30
Jan 20, 2025 6:55:29 PM cwback.TicketPool addTicket
INFO: Vendor added a ticket: Ticket: 1
Jan 20, 2025 6:55:29 PM cwback.TicketPool removeTicket
INFO: Customer removed a ticket: Ticket: 1
Jan 20, 2025 6:55:30 PM cwback.TicketPool addTicket
INFO: Vendor added a ticket: Ticket: 2
Jan 20, 2025 6:55:30 PM cwback.TicketPool removeTicket
INFO: Customer removed a ticket: Ticket: 2
Jan 20, 2025 6:55:30 PM cwback.TicketPool addTicket
INFO: Vendor added a ticket: Ticket: 3
Jan 20, 2025 6:55:30 PM cwback.TicketPool removeTicket
INFO: Customer removed a ticket: Ticket: 3
Jan 20, 2025 6:55:30 PM cwback.TicketPool addTicket
INFO: Vendor added a ticket: Ticket: 4
Jan 20, 2025 6:55:30 PM cwback.TicketPool removeTicket
INFO: Customer removed a ticket: Ticket: 4
Jan 20, 2025 6:55:30 PM cwback.TicketPool addTicket
INFO: Vendor added a ticket: Ticket: 5
Jan 20, 2025 6:55:30 PM cwback.TicketPool removeTicket
INFO: Customer removed a ticket: Ticket: 5
Jan 20, 2025 6:55:30 PM cwback.TicketPool addTicket
INFO: Vendor added a ticket: Ticket: 6
Jan 20, 2025 6:55:30 PM cwback.TicketPool removeTicket
INFO: Customer removed a ticket: Ticket: 6
Jan 20, 2025 6:55:30 PM cwback.TicketPool addTicket
INFO: Vendor added a ticket: Ticket: 7
Jan 20, 2025 6:55:30 PM cwback.TicketPool removeTicket
INFO: Customer removed a ticket: Ticket: 7
Jan 20, 2025 6:55:30 PM cwback.TicketPool addTicket
INFO: Vendor added a ticket: Ticket: 8
Jan 20, 2025 6:55:30 PM cwback.TicketPool removeTicket
INFO: Customer removed a ticket: Ticket: 8
Jan 20, 2025 6:55:31 PM cwback.TicketPool addTicket
INFO: Vendor added a ticket: Ticket: 9
Jan 20, 2025 6:55:31 PM cwback.TicketPool removeTicket
INFO: Customer removed a ticket: Ticket: 9
Jan 20, 2025 6:55:31 PM cwback.TicketPool addTicket
INFO: Vendor added a ticket: Ticket: 10
Jan 20, 2025 6:55:31 PM cwback.TicketPool removeTicket
INFO: Customer removed a ticket: Ticket: 10
Jan 20, 2025 6:55:31 PM cwback.TicketPool addTicket
INFO: Vendor added a ticket: Ticket: 11
Jan 20, 2025 6:55:31 PM cwback.TicketPool removeTicket
INFO: Customer removed a ticket: Ticket: 11
Jan 20, 2025 6:55:31 PM cwback.TicketPool addTicket
INFO: Vendor added a ticket: Ticket: 12
Jan 20, 2025 6:55:31 PM cwback.TicketPool removeTicket
INFO: Customer removed a ticket: Ticket: 12
Jan 20, 2025 6:55:31 PM cwback.TicketPool addTicket
INFO: Vendor added a ticket: Ticket: 13
Jan 20, 2025 6:55:31 PM cwback.TicketPool removeTicket
INFO: Customer removed a ticket: Ticket: 13
Jan 20, 2025 6:55:31 PM cwback.TicketPool addTicket
INFO: Vendor added a ticket: Ticket: 14
Jan 20, 2025 6:55:31 PM cwback.TicketPool removeTicket
INFO: Customer removed a ticket: Ticket: 14
Jan 20, 2025 6:55:31 PM cwback.TicketPool addTicket
INFO: Vendor added a ticket: Ticket: 15
Jan 20, 2025 6:55:31 PM cwback.TicketPool removeTicket
INFO: Customer removed a ticket: Ticket: 15
Jan 20, 2025 6:55:31 PM cwback.TicketPool addTicket
INFO: Vendor added a ticket: Ticket: 16
Jan 20, 2025 6:55:31 PM cwback.TicketPool removeTicket
INFO: Customer removed a ticket: Ticket: 16
Jan 20, 2025 6:55:32 PM cwback.TicketPool addTicket
INFO: Vendor added a ticket: Ticket: 17
Jan 20, 2025 6:55:32 PM cwback.TicketPool removeTicket
INFO: Customer removed a ticket: Ticket: 17
Jan 20, 2025 6:55:32 PM cwback.TicketPool addTicket
INFO: Vendor added a ticket: Ticket: 18
Jan 20, 2025 6:55:32 PM cwback.TicketPool removeTicket
INFO: Customer removed a ticket: Ticket: 18
Jan 20, 2025 6:55:32 PM cwback.TicketPool addTicket
INFO: Vendor added a ticket: Ticket: 19
Jan 20, 2025 6:55:32 PM cwback.TicketPool removeTicket
INFO: Customer removed a ticket: Ticket: 19
Jan 20, 2025 6:55:32 PM cwback.TicketPool addTicket
INFO: Vendor added a ticket: Ticket: 20
Jan 20, 2025 6:55:32 PM cwback.TicketPool removeTicket
INFO: Customer removed a ticket: Ticket: 20
Jan 20, 2025 6:56:12 PM cwback.TicketPool addTicket
INFO: Vendor added a ticket: Ticket: 1
Jan 20, 2025 6:56:12 PM cwback.TicketPool removeTicket
INFO: Customer removed a ticket: Ticket: 1
Jan 20, 2025 6:56:12 PM cwback.TicketPool addTicket
INFO: Vendor added a ticket: Ticket: 2
Jan 20, 2025 6:56:12 PM cwback.TicketPool removeTicket
INFO: Customer removed a ticket: Ticket: 2
Jan 20, 2025 6:56:12 PM cwback.TicketPool addTicket
INFO: Vendor added a ticket: Ticket: 3
Jan 20, 2025 6:56:12 PM cwback.TicketPool removeTicket
INFO: Customer removed a ticket: Ticket: 3
Jan 20, 2025 6:56:12 PM cwback.TicketPool addTicket
INFO: Vendor added a ticket: Ticket: 4
Jan 20, 2025 6:56:12 PM cwback.TicketPool removeTicket
INFO: Customer removed a ticket: Ticket: 4
Jan 20, 2025 6:56:12 PM cwback.TicketPool addTicket
INFO: Vendor added a ticket: Ticket: 5
Jan 20, 2025 6:56:12 PM cwback.TicketPool removeTicket
INFO: Customer removed a ticket: Ticket: 5
Jan 20, 2025 6:56:13 PM cwback.TicketPool addTicket
INFO: Vendor added a ticket: Ticket: 6
Jan 20, 2025 6:56:13 PM cwback.TicketPool removeTicket
INFO: Customer removed a ticket: Ticket: 6
Jan 20, 2025 6:56:13 PM cwback.TicketPool addTicket
INFO: Vendor added a ticket: Ticket: 7
Jan 20, 2025 6:56:13 PM cwback.TicketPool removeTicket
INFO: Customer removed a ticket: Ticket: 7
Jan 20, 2025 6:56:13 PM cwback.TicketPool addTicket
INFO: Vendor added a ticket: Ticket: 8
Jan 20, 2025 6:56:13 PM cwback.TicketPool removeTicket
INFO: Customer removed a ticket: Ticket: 8
Jan 20, 2025 6:56:13 PM cwback.TicketPool addTicket
INFO: Vendor added a ticket: Ticket: 9
Jan 20, 2025 6:56:13 PM cwback.TicketPool removeTicket
INFO: Customer removed a ticket: Ticket: 9
Jan 20, 2025 6:56:13 PM cwback.TicketPool addTicket
INFO: Vendor added a ticket: Ticket: 10
Jan 20, 2025 6:56:13 PM cwback.TicketPool removeTicket
INFO: Customer removed a ticket: Ticket: 10
Jan 20, 2025 6:56:13 PM cwback.TicketPool addTicket
INFO: Vendor added a ticket: Ticket: 11
Jan 20, 2025 6:56:13 PM cwback.TicketPool removeTicket
INFO: Customer removed a ticket: Ticket: 11
Jan 20, 2025 6:56:14 PM cwback.TicketPool addTicket
INFO: Vendor added a ticket: Ticket: 12
Jan 20, 2025 6:56:14 PM cwback.TicketPool removeTicket
INFO: Customer removed a ticket: Ticket: 12
Jan 20, 2025 6:56:14 PM cwback.TicketPool addTicket
INFO: Vendor added a ticket: Ticket: 13
Jan 20, 2025 6:56:14 PM cwback.TicketPool removeTicket
INFO: Customer removed a ticket: Ticket: 13
Jan 20, 2025 6:56:14 PM cwback.TicketPool addTicket
INFO: Vendor added a ticket: Ticket: 14
Jan 20, 2025 6:56:14 PM cwback.TicketPool removeTicket
INFO: Customer removed a ticket: Ticket: 14
Jan 20, 2025 6:56:14 PM cwback.TicketPool addTicket
INFO: Vendor added a ticket: Ticket: 15
Jan 20, 2025 6:56:14 PM cwback.TicketPool removeTicket
INFO: Customer removed a ticket: Ticket: 15
Jan 20, 2025 6:56:14 PM cwback.TicketPool addTicket
INFO: Vendor added a ticket: Ticket: 16
Jan 20, 2025 6:56:14 PM cwback.TicketPool removeTicket
INFO: Customer removed a ticket: Ticket: 16
Jul 09, 2025 11:49:44 AM cwback.TicketPool addTicket
INFO: Vendor added a ticket: Ticket: 1
Jul 09, 2025 11:49:48 AM cwback.TicketPool addTicket
INFO: Vendor added a ticket: Ticket: 1
Jul 09, 2025 11:49:48 AM cwback.TicketPool removeTicket
INFO: Customer removed a ticket: Ticket: 1
Jul 09, 2025 11:49:48 AM cwback.TicketPool addTicket
INFO: Vendor added a ticket: Ticket: 2
Jul 09, 2025 11:49:48 AM cwback.TicketPool removeTicket
INFO: Customer removed a ticket: Ticket: 2
Jul 09, 2025 11:49:48 AM cwback.TicketPool addTicket
INFO: Vendor added a ticket: Ticket: 3
Jul 09, 2025 11:49:48 AM cwback.TicketPool removeTicket
INFO: Customer removed a ticket: Ticket: 3
Jul 09, 2025 11:49:48 AM cwback.TicketPool addTicket
INFO: Vendor added a ticket: Ticket: 4
Jul 09, 2025 11:49:48 AM cwback.TicketPool removeTicket
INFO: Customer removed a ticket: Ticket: 4
Jul 09, 2025 11:49:48 AM cwback.TicketPool addTicket
INFO: Vendor added a ticket: Ticket: 5
Jul 09, 2025 11:49:48 AM cwback.TicketPool removeTicket
INFO: Customer removed a ticket: Ticket: 5
Jul 09, 2025 11:49:48 AM cwback.TicketPool addTicket
INFO: Vendor added a ticket: Ticket: 6
Jul 09, 2025 11:49:48 AM cwback.TicketPool removeTicket
INFO: Customer removed a ticket: Ticket: 6
Jul 09, 2025 11:49:48 AM cwback.TicketPool addTicket
INFO: Vendor added a ticket: Ticket: 7
Jul 09, 2025 11:49:48 AM cwback.TicketPool removeTicket
INFO: Customer removed a ticket: Ticket: 7
Jul 09, 2025 11:49:48 AM cwback.TicketPool addTicket
INFO: Vendor added a ticket: Ticket: 8
Jul 09, 2025 11:49:48 AM cwback.TicketPool removeTicket
INFO: Customer removed a ticket: Ticket: 8
Jul 09, 2025 11:49:48 AM cwback.TicketPool addTicket
INFO: Vendor added a ticket: Ticket: 9
Jul 09, 2025 11:49:48 AM cwback.TicketPool removeTicket
INFO: Customer removed a ticket: Ticket: 9
Jul 09, 2025 11:49:48 AM cwback.TicketPool addTicket
INFO: Vendor added a ticket: Ticket: 10
Jul 09, 2025 11:49:48 AM cwback.TicketPool removeTicket
INFO: Customer removed a ticket: Ticket: 10
Jul 09, 2025 11:49:48 AM cwback.TicketPool addTicket
INFO: Vendor added a ticket: Ticket: 11
Jul 09, 2025 11:49:48 AM cwback.TicketPool removeTicket
INFO: Customer removed a ticket: Ticket: 11
Jul 09, 2025 11:49:48 AM cwback.TicketPool addTicket
INFO: Vendor added a ticket: Ticket: 12
Jul 09, 2025 11:49:48 AM cwback.TicketPool removeTicket
INFO: Customer removed a ticket: Ticket: 12
Jul 09, 2025 11:49:48 AM cwback.TicketPool addTicket
INFO: Vendor added a ticket: Ticket: 13
Jul 09, 2025 11:49:48 AM cwback.TicketPool removeTicket
INFO: Customer removed a ticket: Ticket: 13
Jul 09, 2025 11:49:48 AM cwback.TicketPool addTicket
INFO: Vendor added a ticket: Ticket: 14
Jul 09, 2025 11:49:48 AM cwback.TicketPool removeTicket
INFO: Customer removed a ticket: Ticket: 14
Jul 09, 2025 11:49:48 AM cwback.TicketPool addTicket
INFO: Vendor added a ticket: Ticket: 15
Jul 09, 2025 11:49:48 AM cwback.TicketPool removeTicket
INFO: Customer removed a ticket: Ticket: 15
Jul 09, 2025 11:49:48 AM cwback.TicketPool addTicket
INFO: Vendor added a ticket: Ticket: 16
Jul 09, 2025 11:49:48 AM cwback.TicketPool removeTicket
INFO: Customer removed a ticket: Ticket: 16
Jul 09, 2025 11:49:48 AM cwback.TicketPool addTicket
INFO: Vendor added a ticket: Ticket: 17
Jul 09, 2025 11:49:48 AM cwback.TicketPool removeTicket
INFO: Customer removed a ticket: Ticket: 17
Jul 09, 2025 11:49:48 AM cwback.TicketPool addTicket
INFO: Vendor added a ticket: Ticket: 18
Jul 09, 2025 11:49:48 AM cwback.TicketPool removeTicket
INFO: Customer removed a ticket: Ticket: 18
Jul 09, 2025 11:49:48 AM cwback.TicketPool addTicket
INFO: Vendor added a ticket: Ticket: 19
Jul 09, 2025 11:49:48 AM cwback.TicketPool removeTicket
INFO: Customer removed a ticket: Ticket: 19
Jul 09, 2025 11:49:48 AM cwback.TicketPool addTicket
INFO: Vendor added a ticket: Ticket: 20
Jul 09, 2025 11:49:48 AM cwback.TicketPool removeTicket
INFO: Customer removed a ticket: Ticket: 20
Jul 09, 2025 11:49:48 AM cwback.TicketPool addTicket
INFO: Vendor added a ticket: Ticket: 21
Jul 09, 2025 11:49:48 AM cwback.TicketPool removeTicket
INFO: Customer removed a ticket: Ticket: 21
Jul 09, 2025 11:49:48 AM cwback.TicketPool addTicket
INFO: Vendor added a ticket: Ticket: 22
Jul 09, 2025 11:49:48 AM cwback.TicketPool removeTicket
INFO: Customer removed a ticket: Ticket: 22
Aug 19, 2025 6:16:04 AM cwback.TicketPool addTicket
INFO: Vendor added a ticket: Ticket: 1
Aug 19, 2025 6:16:04 AM cwback.TicketPool removeTicket
INFO: Customer removed a ticket: Ticket: 1
Aug 19, 2025 6:16:04 AM cwback.TicketPool addTicket
INFO: Vendor added a ticket: Ticket: 2
Aug 19, 2025 6:16:04 AM cwback.TicketPool removeTicket
INFO: Customer removed a ticket: Ticket: 2
Aug 19, 2025 6:16:04 AM cwback.TicketPool addTicket
INFO: Vendor added a ticket: Ticket: 3
Aug 19, 2025 6:16:04 AM cwback.TicketPool removeTicket
INFO: Customer removed a ticket: Ticket: 3
Aug 19, 2025 6:16:04 AM cwback.TicketPool addTicket
INFO: Vendor added a ticket: Ticket: 4
Aug 19, 2025 6:16:04 AM cwback.TicketPool removeTicket
INFO: Customer removed a ticket: Ticket: 4
Aug 19, 2025 6:16:04 AM cwback.TicketPool addTicket
INFO: Vendor added a ticket: Ticket: 5
Aug 19, 2025 6:16:04 AM cwback.TicketPool removeTicket
INFO: Customer removed a ticket: Ticket: 5
Aug 19, 2025 6:16:04 AM cwback.TicketPool addTicket
INFO: Vendor added a ticket: Ticket: 6
Aug 19, 2025 6:16:04 AM cwback.TicketPool removeTicket
INFO: Customer removed a ticket: Ticket: 6
Aug 19, 2025 6:16:04 AM cwback.TicketPool addTicket
INFO: Vendor added a ticket: Ticket: 7
Aug 19, 2025 6:16:04 AM cwback.TicketPool removeTicket
INFO: Customer removed a ticket: Ticket: 7
Aug 19, 2025 6:16:04 AM cwback.TicketPool addTicket
INFO: Vendor added a ticket: Ticket: 8
Aug 19, 2025 6:16:05 AM cwback.TicketPool removeTicket
INFO: Customer removed a ticket: Ticket: 8
Aug 19, 2025 6:16:05 AM cwback.TicketPool addTicket
INFO: Vendor added a ticket: Ticket: 9
Aug 19, 2025 6:16:05 AM cwback.TicketPool removeTicket
INFO: Customer removed a ticket: Ticket: 9
Aug 19, 2025 6:16:05 AM cwback.TicketPool addTicket
INFO: Vendor added a ticket: Ticket: 10
Aug 19, 2025 6:16:05 AM cwback.TicketPool removeTicket
INFO: Customer removed a ticket: Ticket: 10
Aug 19, 2025 6:16:05 AM cwback.TicketPool addTicket
INFO: Vendor added a ticket: Ticket: 11
Aug 19, 2025 6:16:05 AM cwback.TicketPool removeTicket
INFO: Customer removed a ticket: Ticket: 11
Aug 19, 2025 6:16:05 AM cwback.TicketPool addTicket
INFO: Vendor added a ticket: Ticket: 12
Aug 19, 2025 6:16:05 AM cwback.TicketPool removeTicket
INFO: Customer removed a ticket: Ticket: 12
Aug 19, 2025 6:16:05 AM cwback.TicketPool addTicket
INFO: Vendor added a ticket: Ticket: 13
Aug 19, 2025 6:16:05 AM cwback.TicketPool removeTicket
INFO: Customer removed a ticket: Ticket: 13
Aug 19, 2025 6:16:05 AM cwback.TicketPool addTicket
INFO: Vendor added a ticket: Ticket: 14
Aug 19, 2025 6:16:05 AM cwback.TicketPool removeTicket
INFO: Customer removed a ticket: Ticket: 14
Aug 19, 2025 6:16:05 AM cwback.TicketPool addTicket
INFO: Vendor added a ticket: Ticket: 15
Aug 19, 2025 6:16:05 AM cwback.TicketPool removeTicket
INFO: Customer removed a ticket: Ticket: 15
Aug 19, 2025 6:16:05 AM cwback.TicketPool addTicket
INFO: Vendor added a ticket: Ticket: 16
Aug 19, 2025 6:16:05 AM cwback.TicketPool removeTicket
INFO: Customer removed a ticket: Ticket: 16
Aug 19, 2025 6:16:05 AM cwback.TicketPool addTicket
INFO: Vendor added a ticket: Ticket: 17
Aug 19, 2025 6:16:05 AM cwback.TicketPool removeTicket
INFO: Customer removed a ticket: Ticket: 17
Aug 19, 2025 6:16:05 AM cwback.TicketPool addTicket
INFO: Vendor added a ticket: Ticket: 18
Aug 19, 2025 6:16:05 AM cwback.TicketPool removeTicket
INFO: Customer removed a ticket: Ticket: 18
Aug 19, 2025 6:16:05 AM cwback.TicketPool addTicket
INFO: Vendor added a ticket: Ticket: 19
Aug 19, 2025 6:16:05 AM cwback.TicketPool removeTicket
INFO: Customer removed a ticket: Ticket: 19
Aug 19, 2025 6:16:05 AM cwback.TicketPool addTicket
INFO: Vendor added a ticket: Ticket: 20
Aug 19, 2025 6:16:05 AM cwback.TicketPool removeTicket
INFO: Customer removed a ticket: Ticket: 20
